#
# There is insufficient memory for the Java Runtime Environment to continue.
# Native memory allocation (malloc) failed to allocate 687696 bytes for Chunk::new
# Possible reasons:
#   The system is out of physical RAM or swap space
#   The process is running with CompressedOops enabled, and the Java Heap may be blocking the growth of the native heap
# Possible solutions:
#   Reduce memory load on the system
#   Increase physical memory or swap space
#   Check if swap backing store is full
#   Decrease Java heap size (-Xmx/-Xms)
#   Decrease number of Java threads
#   Decrease Java thread stack sizes (-Xss)
#   Set larger code cache with -XX:ReservedCodeCacheSize=
#   JVM is running with Unscaled Compressed Oops mode in which the Java heap is
#     placed in the first 4GB address space. The Java Heap base address is the
#     maximum limit for the native heap growth. Please use -XX:HeapBaseMinAddress
#     to set the Java Heap base and to place the Java Heap above 4GB virtual address.
# This output file may be truncated or incomplete.
#
#  Out of Memory Error (allocation.cpp:390), pid=8220, tid=0x0000000000003ee8
#
# JRE version: Java(TM) SE Runtime Environment (8.0_201-b09) (build 1.8.0_201-b09)
# Java VM: Java HotSpot(TM) 64-Bit Server VM (25.201-b09 mixed mode windows-amd64 compressed oops)
# Failed to write core dump. Minidumps are not enabled by default on client versions of Windows
#

---------------  T H R E A D  ---------------

Current thread (0x000000001586c000):  JavaThread "C2 CompilerThread1" daemon [_thread_in_native, id=16104, stack(0x0000000016fc0000,0x00000000170c0000)]

Stack: [0x0000000016fc0000,0x00000000170c0000]
[error occurred during error reporting (printing stack bounds), id 0xc0000005]

Native frames: (J=compiled Java code, j=interpreted, Vv=VM code, C=native code)


Current CompileTask:
C2: 128007 3981   !   4       org.apache.maven.plugin.surefire.booterclient.output.ForkedChannelDecoder::handleEvent (1064 bytes)


---------------  P R O C E S S  ---------------

Java Threads: ( => current thread )
  0x0000000019fb9800 JavaThread "Thread-5" [_thread_in_native, id=15452, stack(0x000000001cc50000,0x000000001cd50000)]
  0x00000000171d6800 JavaThread "Thread-4" [_thread_in_native, id=12872, stack(0x000000001cb50000,0x000000001cc50000)]
  0x00000000171d5800 JavaThread "Thread-3" [_thread_blocked, id=15508, stack(0x000000001ca50000,0x000000001cb50000)]
  0x0000000019cd1000 JavaThread "ThreadedStreamConsumer" daemon [_thread_blocked, id=13080, stack(0x000000001c950000,0x000000001ca50000)]
  0x000000001a0c3800 JavaThread "ping-timer-10s" daemon [_thread_blocked, id=15764, stack(0x000000001c850000,0x000000001c950000)]
  0x000000001a0c2800 JavaThread "timeout-check-timer" daemon [_thread_blocked, id=5492, stack(0x000000001c750000,0x000000001c850000)]
  0x000000001a64f000 JavaThread "resolver-5" daemon [_thread_blocked, id=1728, stack(0x000000001c650000,0x000000001c750000)]
  0x000000001a64e000 JavaThread "resolver-4" daemon [_thread_blocked, id=12500, stack(0x000000001c550000,0x000000001c650000)]
  0x0000000018e7e000 JavaThread "resolver-3" daemon [_thread_blocked, id=2988, stack(0x000000001c450000,0x000000001c550000)]
  0x0000000019d86000 JavaThread "resolver-2" daemon [_thread_blocked, id=6520, stack(0x000000001c350000,0x000000001c450000)]
  0x0000000019d85000 JavaThread "resolver-1" daemon [_thread_blocked, id=11776, stack(0x000000001aee0000,0x000000001afe0000)]
  0x00000000171e8800 JavaThread "Service Thread" daemon [_thread_blocked, id=11320, stack(0x00000000175c0000,0x00000000176c0000)]
  0x0000000015873000 JavaThread "C1 CompilerThread2" daemon [_thread_blocked, id=10560, stack(0x00000000170c0000,0x00000000171c0000)]
=>0x000000001586c000 JavaThread "C2 CompilerThread1" daemon [_thread_in_native, id=16104, stack(0x0000000016fc0000,0x00000000170c0000)]
  0x0000000015867000 JavaThread "C2 CompilerThread0" daemon [_thread_blocked, id=16108, stack(0x0000000016ec0000,0x0000000016fc0000)]
  0x0000000015865800 JavaThread "Attach Listener" daemon [_thread_blocked, id=10008, stack(0x0000000016dc0000,0x0000000016ec0000)]
  0x0000000015862800 JavaThread "Signal Dispatcher" daemon [_thread_blocked, id=13324, stack(0x0000000016cc0000,0x0000000016dc0000)]
  0x000000000327b000 JavaThread "Finalizer" daemon [_thread_blocked, id=15732, stack(0x0000000016ad0000,0x0000000016bd0000)]
  0x0000000003272000 JavaThread "Reference Handler" daemon [_thread_blocked, id=7640, stack(0x00000000169d0000,0x0000000016ad0000)]
  0x0000000003182800 JavaThread "main" [_thread_in_native, id=16368, stack(0x0000000002fb0000,0x00000000030b0000)]

Other Threads:
  0x0000000015827800 VMThread [stack: 0x00000000168d0000,0x00000000169d0000] [id=10488]
  0x0000000015885000 WatcherThread [stack: 0x00000000176c0000,0x00000000177c0000] [id=14940]

VM state:not at safepoint (normal execution)

VM Mutex/Monitor currently owned by a thread: None

heap address: 0x00000000c1a00000, size: 998 MB, Compressed Oops mode: 32-bit
Narrow klass base: 0x0000000000000000, Narrow klass shift: 3
Compressed class space size: 1073741824 Address: 0x0000000100000000

Heap:
 PSYoungGen      total 138240K, used 123164K [0x00000000eb380000, 0x00000000f4780000, 0x0000000100000000)
  eden space 129536K, 88% used [0x00000000eb380000,0x00000000f234be00,0x00000000f3200000)
  from space 8704K, 99% used [0x00000000f3c00000,0x00000000f447b218,0x00000000f4480000)
  to   space 10240K, 0% used [0x00000000f3200000,0x00000000f3200000,0x00000000f3c00000)
 ParOldGen       total 44032K, used 13119K [0x00000000c1a00000, 0x00000000c4500000, 0x00000000eb380000)
  object space 44032K, 29% used [0x00000000c1a00000,0x00000000c26cfec8,0x00000000c4500000)
 Metaspace       used 19959K, capacity 20414K, committed 20736K, reserved 1067008K
  class space    used 2283K, capacity 2448K, committed 2560K, reserved 1048576K

Card table byte_map: [0x0000000012640000,0x0000000012840000] byte_map_base: 0x0000000012033000

Marking Bits: (ParMarkBitMap*) 0x000000006fd94ce0
 Begin Bits: [0x0000000012d90000, 0x0000000013d28000)
 End Bits:   [0x0000000013d28000, 0x0000000014cc0000)

Polling page: 0x0000000000df0000

CodeCache: size=245760Kb used=12475Kb max_used=12854Kb free=233284Kb
 bounds [0x0000000003280000, 0x0000000003f20000, 0x0000000012280000]
 total_blobs=3892 nmethods=3483 adapters=321
 compilation: enabled

Compilation events (10 events):
Event: 127.168 Thread 0x0000000015867000 nmethod 3983 0x000000000355abd0 code [0x000000000355ae20, 0x000000000355c120]
Event: 127.168 Thread 0x0000000015867000 3985       4       java.lang.String::<init> (38 bytes)
Event: 127.182 Thread 0x0000000015867000 nmethod 3985 0x00000000038f9dd0 code [0x00000000038f9f60, 0x00000000038fa6e8]
Event: 127.182 Thread 0x0000000015867000 3984   !   4       org.apache.maven.plugin.surefire.report.TestSetRunListener::writeTestOutput (52 bytes)
Event: 127.234 Thread 0x0000000015867000 nmethod 3984 0x0000000003862dd0 code [0x0000000003863000, 0x0000000003864570]
Event: 127.234 Thread 0x0000000015867000 3988       4       org.apache.commons.codec.binary.Base64::decode (419 bytes)
Event: 127.258 Thread 0x0000000015867000 nmethod 3988 0x0000000003507ad0 code [0x0000000003507c40, 0x00000000035083d8]
Event: 127.258 Thread 0x0000000015867000 3987       4       java.util.StringTokenizer::<init> (52 bytes)
Event: 127.265 Thread 0x0000000015867000 nmethod 3987 0x00000000035a15d0 code [0x00000000035a1720, 0x00000000035a1978]
Event: 127.265 Thread 0x0000000015867000 3986       4       org.apache.maven.plugin.surefire.booterclient.output.ForkedChannelDecoder::decode (40 bytes)

GC Heap History (10 events):
Event: 5.170 GC heap before
{Heap before GC invocations=4 (full 0):
 PSYoungGen      total 18944K, used 18944K [0x00000000eb380000, 0x00000000ed880000, 0x0000000100000000)
  eden space 16384K, 100% used [0x00000000eb380000,0x00000000ec380000,0x00000000ec380000)
  from space 2560K, 100% used [0x00000000ec380000,0x00000000ec600000,0x00000000ec600000)
  to   space 2560K, 0% used [0x00000000ed600000,0x00000000ed600000,0x00000000ed880000)
 ParOldGen       total 44032K, used 3455K [0x00000000c1a00000, 0x00000000c4500000, 0x00000000eb380000)
  object space 44032K, 7% used [0x00000000c1a00000,0x00000000c1d5fc08,0x00000000c4500000)
 Metaspace       used 12380K, capacity 12520K, committed 12672K, reserved 1060864K
  class space    used 1546K, capacity 1636K, committed 1664K, reserved 1048576K
Event: 5.179 GC heap after
Heap after GC invocations=4 (full 0):
 PSYoungGen      total 35328K, used 2528K [0x00000000eb380000, 0x00000000ed880000, 0x0000000100000000)
  eden space 32768K, 0% used [0x00000000eb380000,0x00000000eb380000,0x00000000ed380000)
  from space 2560K, 98% used [0x00000000ed600000,0x00000000ed878040,0x00000000ed880000)
  to   space 2560K, 0% used [0x00000000ed380000,0x00000000ed380000,0x00000000ed600000)
 ParOldGen       total 44032K, used 5975K [0x00000000c1a00000, 0x00000000c4500000, 0x00000000eb380000)
  object space 44032K, 13% used [0x00000000c1a00000,0x00000000c1fd5ec0,0x00000000c4500000)
 Metaspace       used 12380K, capacity 12520K, committed 12672K, reserved 1060864K
  class space    used 1546K, capacity 1636K, committed 1664K, reserved 1048576K
}
Event: 14.037 GC heap before
{Heap before GC invocations=5 (full 0):
 PSYoungGen      total 35328K, used 35296K [0x00000000eb380000, 0x00000000ed880000, 0x0000000100000000)
  eden space 32768K, 100% used [0x00000000eb380000,0x00000000ed380000,0x00000000ed380000)
  from space 2560K, 98% used [0x00000000ed600000,0x00000000ed878040,0x00000000ed880000)
  to   space 2560K, 0% used [0x00000000ed380000,0x00000000ed380000,0x00000000ed600000)
 ParOldGen       total 44032K, used 5975K [0x00000000c1a00000, 0x00000000c4500000, 0x00000000eb380000)
  object space 44032K, 13% used [0x00000000c1a00000,0x00000000c1fd5ec0,0x00000000c4500000)
 Metaspace       used 15266K, capacity 15496K, committed 15616K, reserved 1062912K
  class space    used 1865K, capacity 1972K, committed 2048K, reserved 1048576K
Event: 14.059 GC heap after
Heap after GC invocations=5 (full 0):
 PSYoungGen      total 35328K, used 2544K [0x00000000eb380000, 0x00000000f0280000, 0x0000000100000000)
  eden space 32768K, 0% used [0x00000000eb380000,0x00000000eb380000,0x00000000ed380000)
  from space 2560K, 99% used [0x00000000ed380000,0x00000000ed5fc010,0x00000000ed600000)
  to   space 7680K, 0% used [0x00000000efb00000,0x00000000efb00000,0x00000000f0280000)
 ParOldGen       total 44032K, used 10578K [0x00000000c1a00000, 0x00000000c4500000, 0x00000000eb380000)
  object space 44032K, 24% used [0x00000000c1a00000,0x00000000c2454a88,0x00000000c4500000)
 Metaspace       used 15266K, capacity 15496K, committed 15616K, reserved 1062912K
  class space    used 1865K, capacity 1972K, committed 2048K, reserved 1048576K
}
Event: 14.652 GC heap before
{Heap before GC invocations=6 (full 0):
 PSYoungGen      total 35328K, used 35312K [0x00000000eb380000, 0x00000000f0280000, 0x0000000100000000)
  eden space 32768K, 100% used [0x00000000eb380000,0x00000000ed380000,0x00000000ed380000)
  from space 2560K, 99% used [0x00000000ed380000,0x00000000ed5fc010,0x00000000ed600000)
  to   space 7680K, 0% used [0x00000000efb00000,0x00000000efb00000,0x00000000f0280000)
 ParOldGen       total 44032K, used 10578K [0x00000000c1a00000, 0x00000000c4500000, 0x00000000eb380000)
  object space 44032K, 24% used [0x00000000c1a00000,0x00000000c2454a88,0x00000000c4500000)
 Metaspace       used 15541K, capacity 15776K, committed 15872K, reserved 1062912K
  class space    used 1870K, capacity 1976K, committed 2048K, reserved 1048576K
Event: 14.670 GC heap after
Heap after GC invocations=6 (full 0):
 PSYoungGen      total 72192K, used 4608K [0x00000000eb380000, 0x00000000f0180000, 0x0000000100000000)
  eden space 65536K, 0% used [0x00000000eb380000,0x00000000eb380000,0x00000000ef380000)
  from space 6656K, 69% used [0x00000000efb00000,0x00000000eff80020,0x00000000f0180000)
  to   space 7168K, 0% used [0x00000000ef380000,0x00000000ef380000,0x00000000efa80000)
 ParOldGen       total 44032K, used 10586K [0x00000000c1a00000, 0x00000000c4500000, 0x00000000eb380000)
  object space 44032K, 24% used [0x00000000c1a00000,0x00000000c2456a88,0x00000000c4500000)
 Metaspace       used 15541K, capacity 15776K, committed 15872K, reserved 1062912K
  class space    used 1870K, capacity 1976K, committed 2048K, reserved 1048576K
}
Event: 24.015 GC heap before
{Heap before GC invocations=7 (full 0):
 PSYoungGen      total 72192K, used 70144K [0x00000000eb380000, 0x00000000f0180000, 0x0000000100000000)
  eden space 65536K, 100% used [0x00000000eb380000,0x00000000ef380000,0x00000000ef380000)
  from space 6656K, 69% used [0x00000000efb00000,0x00000000eff80020,0x00000000f0180000)
  to   space 7168K, 0% used [0x00000000ef380000,0x00000000ef380000,0x00000000efa80000)
 ParOldGen       total 44032K, used 10586K [0x00000000c1a00000, 0x00000000c4500000, 0x00000000eb380000)
  object space 44032K, 24% used [0x00000000c1a00000,0x00000000c2456a88,0x00000000c4500000)
 Metaspace       used 17129K, capacity 17594K, committed 17792K, reserved 1064960K
  class space    used 2001K, capacity 2155K, committed 2176K, reserved 1048576K
Event: 24.036 GC heap after
Heap after GC invocations=7 (full 0):
 PSYoungGen      total 72704K, used 7168K [0x00000000eb380000, 0x00000000f4480000, 0x0000000100000000)
  eden space 65536K, 0% used [0x00000000eb380000,0x00000000eb380000,0x00000000ef380000)
  from space 7168K, 100% used [0x00000000ef380000,0x00000000efa80000,0x00000000efa80000)
  to   space 8704K, 0% used [0x00000000f3c00000,0x00000000f3c00000,0x00000000f4480000)
 ParOldGen       total 44032K, used 11974K [0x00000000c1a00000, 0x00000000c4500000, 0x00000000eb380000)
  object space 44032K, 27% used [0x00000000c1a00000,0x00000000c25b1be8,0x00000000c4500000)
 Metaspace       used 17129K, capacity 17594K, committed 17792K, reserved 1064960K
  class space    used 2001K, capacity 2155K, committed 2176K, reserved 1048576K
}
Event: 27.687 GC heap before
{Heap before GC invocations=8 (full 0):
 PSYoungGen      total 72704K, used 72704K [0x00000000eb380000, 0x00000000f4480000, 0x0000000100000000)
  eden space 65536K, 100% used [0x00000000eb380000,0x00000000ef380000,0x00000000ef380000)
  from space 7168K, 100% used [0x00000000ef380000,0x00000000efa80000,0x00000000efa80000)
  to   space 8704K, 0% used [0x00000000f3c00000,0x00000000f3c00000,0x00000000f4480000)
 ParOldGen       total 44032K, used 11974K [0x00000000c1a00000, 0x00000000c4500000, 0x00000000eb380000)
  object space 44032K, 27% used [0x00000000c1a00000,0x00000000c25b1be8,0x00000000c4500000)
 Metaspace       used 18602K, capacity 19070K, committed 19200K, reserved 1067008K
  class space    used 2127K, capacity 2256K, committed 2304K, reserved 1048576K
Event: 27.711 GC heap after
Heap after GC invocations=8 (full 0):
 PSYoungGen      total 138240K, used 8684K [0x00000000eb380000, 0x00000000f4780000, 0x0000000100000000)
  eden space 129536K, 0% used [0x00000000eb380000,0x00000000eb380000,0x00000000f3200000)
  from space 8704K, 99% used [0x00000000f3c00000,0x00000000f447b218,0x00000000f4480000)
  to   space 10240K, 0% used [0x00000000f3200000,0x00000000f3200000,0x00000000f3c00000)
 ParOldGen       total 44032K, used 13119K [0x00000000c1a00000, 0x00000000c4500000, 0x00000000eb380000)
  object space 44032K, 29% used [0x00000000c1a00000,0x00000000c26cfec8,0x00000000c4500000)
 Metaspace       used 18602K, capacity 19070K, committed 19200K, reserved 1067008K
  class space    used 2127K, capacity 2256K, committed 2304K, reserved 1048576K
}

Deoptimization events (10 events):
Event: 29.174 Thread 0x0000000003182800 Uncommon trap: reason=class_check action=maybe_recompile pc=0x000000000396efc0 method=java.util.Collections$UnmodifiableMap$UnmodifiableEntrySet$UnmodifiableEntry.getKey()Ljava/lang/Object; @ 4
Event: 29.174 Thread 0x0000000003182800 Uncommon trap: reason=class_check action=maybe_recompile pc=0x0000000003a4ac00 method=java.util.Collections$UnmodifiableMap$UnmodifiableEntrySet$UnmodifiableEntry.getValue()Ljava/lang/Object; @ 4
Event: 29.174 Thread 0x0000000003182800 Uncommon trap: reason=class_check action=maybe_recompile pc=0x0000000003ab3f0c method=java.util.Collections$UnmodifiableMap$UnmodifiableEntrySet$1.hasNext()Z @ 4
Event: 29.174 Thread 0x0000000003182800 Uncommon trap: reason=class_check action=maybe_recompile pc=0x00000000039a5970 method=java.util.Collections$UnmodifiableMap$UnmodifiableEntrySet$1.next()Ljava/util/Map$Entry; @ 8
Event: 29.174 Thread 0x0000000003182800 Uncommon trap: reason=class_check action=maybe_recompile pc=0x000000000396efc0 method=java.util.Collections$UnmodifiableMap$UnmodifiableEntrySet$UnmodifiableEntry.getKey()Ljava/lang/Object; @ 4
Event: 29.174 Thread 0x0000000003182800 Uncommon trap: reason=class_check action=maybe_recompile pc=0x0000000003a4ac00 method=java.util.Collections$UnmodifiableMap$UnmodifiableEntrySet$UnmodifiableEntry.getValue()Ljava/lang/Object; @ 4
Event: 36.560 Thread 0x00000000171d6800 Uncommon trap: reason=unstable_if action=reinterpret pc=0x000000000370c530 method=java.io.BufferedReader.readLine(Z)Ljava/lang/String; @ 192
Event: 71.574 Thread 0x0000000019cd1000 Uncommon trap: reason=unstable_if action=reinterpret pc=0x0000000003f0cd70 method=java.util.concurrent.locks.ReentrantLock$Sync.nonfairTryAcquire(I)Z @ 19
Event: 73.129 Thread 0x00000000171d6800 Uncommon trap: reason=unstable_if action=reinterpret pc=0x0000000003edbb30 method=java.util.concurrent.locks.ReentrantLock$Sync.nonfairTryAcquire(I)Z @ 19
Event: 77.646 Thread 0x0000000019cd1000 Uncommon trap: reason=unstable_if action=reinterpret pc=0x0000000003f1121c method=org.apache.commons.codec.binary.Base64.decode([BIILorg/apache/commons/codec/binary/BaseNCodec$Context;)V @ 128

Classes redefined (0 events):
No events

Internal exceptions (10 events):
Event: 26.163 Thread 0x0000000003182800 Exception <a 'java/lang/NoClassDefFoundError': org/sonatype/aether/deployment/DeploymentException> (0x00000000ec30d570) thrown at [C:\re\workspace\8-2-build-windows-amd64-cygwin\jdk8u201\12322\hotspot\src\share\vm\classfile\systemDictionary.cpp, line 199]
Event: 26.164 Thread 0x0000000003182800 Exception <a 'java/lang/NoClassDefFoundError': org/sonatype/aether/installation/InstallationException> (0x00000000ec31b638) thrown at [C:\re\workspace\8-2-build-windows-amd64-cygwin\jdk8u201\12322\hotspot\src\share\vm\classfile\systemDictionary.cpp, line 
Event: 26.165 Thread 0x0000000003182800 Exception <a 'java/lang/NoClassDefFoundError': org/sonatype/aether/artifact/Artifact> (0x00000000ec32bc70) thrown at [C:\re\workspace\8-2-build-windows-amd64-cygwin\jdk8u201\12322\hotspot\src\share\vm\classfile\systemDictionary.cpp, line 199]
Event: 26.167 Thread 0x0000000003182800 Exception <a 'java/lang/NoClassDefFoundError': org/sonatype/aether/collection/DependencyCollectionException> (0x00000000ec34bd80) thrown at [C:\re\workspace\8-2-build-windows-amd64-cygwin\jdk8u201\12322\hotspot\src\share\vm\classfile\systemDictionary.cpp,
Event: 26.168 Thread 0x0000000003182800 Exception <a 'java/lang/NoClassDefFoundError': org/sonatype/aether/resolution/ArtifactDescriptorException> (0x00000000ec359e48) thrown at [C:\re\workspace\8-2-build-windows-amd64-cygwin\jdk8u201\12322\hotspot\src\share\vm\classfile\systemDictionary.cpp, l
Event: 26.179 Thread 0x0000000003182800 Exception <a 'java/lang/NoClassDefFoundError': org/sonatype/aether/artifact/Artifact> (0x00000000ec3c8758) thrown at [C:\re\workspace\8-2-build-windows-amd64-cygwin\jdk8u201\12322\hotspot\src\share\vm\classfile\systemDictionary.cpp, line 199]
Event: 26.320 Thread 0x0000000019178800 Implicit null exception at 0x0000000003d3328b to 0x0000000003d33351
Event: 26.506 Thread 0x0000000003182800 Implicit null exception at 0x0000000003ab4160 to 0x0000000003ab41d1
Event: 26.506 Thread 0x0000000003182800 Implicit null exception at 0x00000000039914b0 to 0x0000000003991501
Event: 26.847 Thread 0x0000000003182800 Implicit null exception at 0x000000000389da77 to 0x000000000389dcc1

Events (10 events):
Event: 126.851 Thread 0x0000000015867000 flushing nmethod 0x0000000003b64b90
Event: 126.851 Thread 0x000000001586c000 flushing nmethod 0x0000000003b84790
Event: 126.876 loading class org/apache/maven/plugin/surefire/booterclient/output/DeserializedStacktraceWriter
Event: 126.876 loading class org/apache/maven/plugin/surefire/booterclient/output/DeserializedStacktraceWriter done
Event: 126.876 loading class org/apache/maven/plugin/surefire/booterclient/output/DeserializedStacktraceWriter
Event: 126.876 loading class org/apache/maven/plugin/surefire/booterclient/output/DeserializedStacktraceWriter done
Event: 126.876 loading class org/apache/maven/plugin/surefire/booterclient/output/DeserializedStacktraceWriter
Event: 126.876 loading class org/apache/maven/plugin/surefire/booterclient/output/DeserializedStacktraceWriter done
Event: 126.916 loading class sun/nio/cs/US_ASCII$1
Event: 126.943 loading class sun/nio/cs/US_ASCII$1 done


Dynamic libraries:
0x00007ff604d30000 - 0x00007ff604d67000 	C:\Program Files\Java\jdk1.8.0_201\bin\javaw.exe
0x00007ffef40f0000 - 0x00007ffef42d1000 	C:\WINDOWS\SYSTEM32\ntdll.dll
0x00007ffef3ad0000 - 0x00007ffef3b81000 	C:\WINDOWS\System32\KERNEL32.DLL
0x00007ffef0b20000 - 0x00007ffef0d93000 	C:\WINDOWS\System32\KERNELBASE.dll
0x00007ffef3e60000 - 0x00007ffef3f01000 	C:\WINDOWS\System32\ADVAPI32.dll
0x00007ffef38d0000 - 0x00007ffef396e000 	C:\WINDOWS\System32\msvcrt.dll
0x00007ffef1560000 - 0x00007ffef15bb000 	C:\WINDOWS\System32\sechost.dll
0x00007ffef3290000 - 0x00007ffef33b4000 	C:\WINDOWS\System32\RPCRT4.dll
0x00007ffef2b50000 - 0x00007ffef2ce1000 	C:\WINDOWS\System32\USER32.dll
0x00007ffef04a0000 - 0x00007ffef04c0000 	C:\WINDOWS\System32\win32u.dll
0x00007ffef1600000 - 0x00007ffef1628000 	C:\WINDOWS\System32\GDI32.dll
0x00007ffef06f0000 - 0x00007ffef0881000 	C:\WINDOWS\System32\gdi32full.dll
0x00007ffef0890000 - 0x00007ffef092f000 	C:\WINDOWS\System32\msvcp_win.dll
0x00007ffef04c0000 - 0x00007ffef05b8000 	C:\WINDOWS\System32\ucrtbase.dll
0x00007ffee3c10000 - 0x00007ffee3e79000 	C:\WINDOWS\WinSxS\amd64_microsoft.windows.common-controls_6595b64144ccf1df_6.0.17134.1184_none_d403e8b37c8ca406\COMCTL32.dll
0x00007ffef3430000 - 0x00007ffef3751000 	C:\WINDOWS\System32\combase.dll
0x00007ffef0620000 - 0x00007ffef0699000 	C:\WINDOWS\System32\bcryptPrimitives.dll
0x00007ffef15c0000 - 0x00007ffef15ed000 	C:\WINDOWS\System32\IMM32.DLL
0x0000000071a90000 - 0x0000000071b61000 	C:\Program Files\Java\jdk1.8.0_201\jre\bin\msvcr100.dll
0x000000006f570000 - 0x000000006fe14000 	C:\Program Files\Java\jdk1.8.0_201\jre\bin\server\jvm.dll
0x00007ffef3f10000 - 0x00007ffef3f18000 	C:\WINDOWS\System32\PSAPI.DLL
0x00007ffedf750000 - 0x00007ffedf759000 	C:\WINDOWS\SYSTEM32\WSOCK32.dll
0x00007ffee3e90000 - 0x00007ffee3e9a000 	C:\WINDOWS\SYSTEM32\VERSION.dll
0x00007ffeec3b0000 - 0x00007ffeec3d3000 	C:\WINDOWS\SYSTEM32\WINMM.dll
0x00007ffef33c0000 - 0x00007ffef342c000 	C:\WINDOWS\System32\WS2_32.dll
0x00007ffeec380000 - 0x00007ffeec3aa000 	C:\WINDOWS\SYSTEM32\WINMMBASE.dll
0x00007ffef06a0000 - 0x00007ffef06e9000 	C:\WINDOWS\System32\cfgmgr32.dll
0x00007ffeec700000 - 0x00007ffeec70f000 	C:\Program Files\Java\jdk1.8.0_201\jre\bin\verify.dll
0x00007ffee4970000 - 0x00007ffee4999000 	C:\Program Files\Java\jdk1.8.0_201\jre\bin\java.dll
0x00007ffee4a10000 - 0x00007ffee4a26000 	C:\Program Files\Java\jdk1.8.0_201\jre\bin\zip.dll
0x00007ffef1700000 - 0x00007ffef2b45000 	C:\WINDOWS\System32\SHELL32.dll
0x00007ffef3c30000 - 0x00007ffef3cd9000 	C:\WINDOWS\System32\shcore.dll
0x00007ffef0da0000 - 0x00007ffef14b0000 	C:\WINDOWS\System32\windows.storage.dll
0x00007ffef16a0000 - 0x00007ffef16f1000 	C:\WINDOWS\System32\shlwapi.dll
0x00007ffef0400000 - 0x00007ffef0411000 	C:\WINDOWS\System32\kernel.appcore.dll
0x00007ffef03e0000 - 0x00007ffef03ff000 	C:\WINDOWS\System32\profapi.dll
0x00007ffef0420000 - 0x00007ffef046c000 	C:\WINDOWS\System32\powrprof.dll
0x00007ffef0470000 - 0x00007ffef047a000 	C:\WINDOWS\System32\FLTLIB.DLL
0x00007ffeefe10000 - 0x00007ffeefe27000 	C:\WINDOWS\SYSTEM32\CRYPTSP.dll
0x00007ffeef810000 - 0x00007ffeef843000 	C:\WINDOWS\system32\rsaenh.dll
0x00007ffeeff40000 - 0x00007ffeeff65000 	C:\WINDOWS\SYSTEM32\bcrypt.dll
0x00007ffef02e0000 - 0x00007ffef0308000 	C:\WINDOWS\SYSTEM32\USERENV.dll
0x00007ffeefe30000 - 0x00007ffeefe3b000 	C:\WINDOWS\SYSTEM32\CRYPTBASE.dll
0x00007ffee2d20000 - 0x00007ffee2d3a000 	C:\Program Files\Java\jdk1.8.0_201\jre\bin\net.dll
0x00007ffee0fd0000 - 0x00007ffee119a000 	C:\WINDOWS\SYSTEM32\urlmon.dll
0x00007ffee1350000 - 0x00007ffee15f7000 	C:\WINDOWS\SYSTEM32\iertutil.dll
0x00007ffeefc60000 - 0x00007ffeefcc6000 	C:\WINDOWS\system32\mswsock.dll
0x00007ffeef9b0000 - 0x00007ffeef9e8000 	C:\WINDOWS\SYSTEM32\IPHLPAPI.DLL
0x00007ffef15f0000 - 0x00007ffef15f8000 	C:\WINDOWS\System32\NSI.dll
0x00007ffee69e0000 - 0x00007ffee69f6000 	C:\WINDOWS\SYSTEM32\dhcpcsvc6.DLL
0x00007ffee6a90000 - 0x00007ffee6aaa000 	C:\WINDOWS\SYSTEM32\dhcpcsvc.DLL
0x00007ffee2c10000 - 0x00007ffee2c21000 	C:\Program Files\Java\jdk1.8.0_201\jre\bin\nio.dll
0x00007ffeec3f0000 - 0x00007ffeec3fa000 	C:\Users\SunkaraRam\AppData\Local\Temp\jansi-1.17-4433029996682549219.dll
0x00007ffee6b10000 - 0x00007ffee6b1a000 	C:\Users\SunkaraRam\AppData\Local\Temp\jansi-1.17-2494010967844188869.dll
0x00007ffeec6e0000 - 0x00007ffeec6ed000 	C:\Program Files\Java\jdk1.8.0_201\jre\bin\management.dll
0x00007ffedb580000 - 0x00007ffedb596000 	C:\WINDOWS\system32\napinsp.dll
0x00007ffedb560000 - 0x00007ffedb57a000 	C:\WINDOWS\system32\pnrpnsp.dll
0x00007ffeec6b0000 - 0x00007ffeec6c9000 	C:\WINDOWS\system32\NLAapi.dll
0x00007ffeef9f0000 - 0x00007ffeefaae000 	C:\WINDOWS\SYSTEM32\DNSAPI.dll
0x00007ffedb550000 - 0x00007ffedb55e000 	C:\WINDOWS\System32\winrnr.dll
0x00007ffedb530000 - 0x00007ffedb545000 	C:\WINDOWS\System32\wshbth.dll
0x00007ffee4730000 - 0x00007ffee473a000 	C:\Windows\System32\rasadhlp.dll
0x00007ffee4c90000 - 0x00007ffee4d02000 	C:\WINDOWS\System32\fwpuclnt.dll

VM Arguments:
jvm_args: -Dmaven.home=EMBEDDED -Dclassworlds.conf=D:\SeleniumProjects\.metadata\.plugins\org.eclipse.m2e.launching\launches\m2conf5632763032352878224.tmp -Dmaven.multiModuleProjectDirectory=D:\SeleniumProjects\TestNGPrograms -Dfile.encoding=Cp1252 
java_command: org.codehaus.plexus.classworlds.launcher.Launcher -B install
java_class_path (initial): C:\Users\SunkaraRam\.p2\pool\plugins\org.eclipse.m2e.maven.runtime_1.10.0.20181127-2120\jars\plexus-classworlds-2.5.2.jar
Launcher Type: SUN_STANDARD

Environment Variables:
JAVA_HOME=C:\Program Files\Java\jdk1.8.0_201
PATH=C:/Program Files/Java/jre1.8.0_221/bin/server;C:/Program Files/Java/jre1.8.0_221/bin;C:/Program Files/Java/jre1.8.0_221/lib/amd64;C:\Program Files (x86)\Common Files\Oracle\Java\javapath;"C:\Program Files (x86)\Common Files\Oracle\Java\javapath;D:\Maven\apache-maven-3.6.0\bin;";C:\oraclexe\app\oracle\product\10.2.0\server\bin;C:\Users\SunkaraRam\AppData\Local\Programs\Python\Python36\Scripts\;C:\Users\SunkaraRam\AppData\Local\Programs\Python\Python36\;"C:\oraclexe\app\oracle\product\10.2.0\server\bin\;C:\Users\SunkaraRam\AppData\Local\Programs\Python\Python36";C:\WINDOWS\system32;C:\WINDOWS;C:\WINDOWS\System32\Wbem;C:\WINDOWS\System32\WindowsPowerShell\v1.0\;C:\Program Files\Java\jdk/bin;c:\Program Files (x86)\Microsoft SQL Server\100\Tools\Binn\;c:\Program Files\Microsoft SQL Server\100\Tools\Binn\;c:\Program Files\Microsoft SQL Server\100\DTS\Binn\;C:\WINDOWS\System32\OpenSSH\;C:\Program Files\Git\cmd;C:\Users\SunkaraRam\AppData\Local\Programs\Python\Python36\Scripts\;C:\Users\SunkaraRam\AppData\Local\Programs\Python\Python36\;"C:\Users\SunkaraRam\AppData\Local\Programs\Python\Python36;C:\Users\SunkaraRam\AppData\Local\Programs\Python\Python36\Scripts";C:\Users\SunkaraRam\AppData\Local\Microsoft\WindowsApps;;C:\WINDOWS\system32;
USERNAME=SunkaraRam
OS=Windows_NT
PROCESSOR_IDENTIFIER=Intel64 Family 6 Model 78 Stepping 3, GenuineIntel



---------------  S Y S T E M  ---------------

OS: Windows 10.0 , 64 bit Build 17134 (10.0.17134.753)

CPU:total 4 (initial active 4) (2 cores per cpu, 2 threads per core) family 6 model 78 stepping 3, cmov, cx8, fxsr, mmx, sse, sse2, sse3, ssse3, sse4.1, sse4.2, popcnt, avx, avx2, aes, clmul, erms, 3dnowpref, lzcnt, ht, tsc, tscinvbit, bmi1, bmi2, adx

Memory: 4k page, physical 4082692k(99360k free), swap 9063428k(6940k free)

vm_info: Java HotSpot(TM) 64-Bit Server VM (25.201-b09) for windows-amd64 JRE (1.8.0_201-b09), built on Dec 15 2018 18:36:39 by "java_re" with MS VC++ 10.0 (VS2010)

time: Thu Dec 19 23:35:11 2019
timezone: India Standard Time
elapsed time: 128 seconds (0d 0h 2m 8s)

